d:\diplom\server\server\x64\debug\vc143.pdb
d:\diplom\server\server\x64\debug\vc143.idb
d:\diplom\server\server\x64\debug\server.obj
d:\diplom\server\server\x64\debug\mousecontroller.obj
d:\diplom\server\server\x64\debug\main.obj
d:\diplom\server\server\x64\debug\keyboardcontroller.obj
d:\diplom\server\server\x64\debug\clipboardcontroller.obj
d:\diplom\server\server\x64\debug\mediacontroller.obj
d:\diplom\server\server\x64\debug\display.obj
d:\diplom\server\server\x64\debug\systemfunctions.obj
d:\diplom\server\server\x64\debug\spyfunctions.obj
d:\diplom\server\server\x64\debug\filesystem_handler.obj
d:\diplom\server\server\x64\debug\trayicon.obj
d:\diplom\server\server\x64\debug\sqlite_helper.obj
d:\diplom\server\server\x64\debug\sqlite3.obj
d:\diplom\server\x64\debug\server.exe
d:\diplom\server\x64\debug\server.pdb
d:\diplom\server\server\x64\debug\server.ilk
d:\diplom\server\server\x64\debug\upnp_server.obj
d:\diplom\server\server\x64\debug\server.tlog\cl.command.1.tlog
d:\diplom\server\server\x64\debug\server.tlog\cl.items.tlog
d:\diplom\server\server\x64\debug\server.tlog\cl.read.1.tlog
d:\diplom\server\server\x64\debug\server.tlog\cl.write.1.tlog
d:\diplom\server\server\x64\debug\server.tlog\link.command.1.tlog
d:\diplom\server\server\x64\debug\server.tlog\link.read.1.tlog
d:\diplom\server\server\x64\debug\server.tlog\link.secondary.1.tlog
d:\diplom\server\server\x64\debug\server.tlog\link.write.1.tlog
